
*** Running vivado
    with args -log top_level.vds -m64 -product Vivado -mode batch -messageDb vivado.pb -notrace -source top_level.tcl


****** Vivado v2019.2 (64-bit)
  **** SW Build 2708876 on Wed Nov  6 21:40:23 MST 2019
  **** IP Build 2700528 on Thu Nov  7 00:09:20 MST 2019
    ** Copyright 1986-2019 Xilinx, Inc. All Rights Reserved.

source top_level.tcl -notrace
Command: synth_design -top top_level -part xc7a100tcsg324-1
Starting synth_design
Attempting to get a license for feature 'Synthesis' and/or device 'xc7a100t'
INFO: [Common 17-349] Got license for feature 'Synthesis' and/or device 'xc7a100t'
INFO: [Device 21-403] Loading part xc7a100tcsg324-1
INFO: Launching helper process for spawning children vivado processes
INFO: Helper process launched with PID 18324 
---------------------------------------------------------------------------------
Starting RTL Elaboration : Time (s): cpu = 00:00:05 ; elapsed = 00:00:05 . Memory (MB): peak = 822.090 ; gain = 234.684
---------------------------------------------------------------------------------
INFO: [Synth 8-6157] synthesizing module 'top_level' [C:/Users/Praj/Documents/2020 Fall/6.111/SpaceSynth_All/SpaceSynth_All.srcs/sources_1/new/top_level.sv:3]
	Parameter SAMPLE_COUNT bound to: 2082 - type: integer 
INFO: [Synth 8-6157] synthesizing module 'clk_wiz_0' [C:/Users/Praj/Documents/2020 Fall/6.111/SpaceSynth_All/SpaceSynth_All.runs/synth_1/.Xil/Vivado-12668-DESKTOP-RLIVKHG/realtime/clk_wiz_0_stub.v:5]
INFO: [Synth 8-6155] done synthesizing module 'clk_wiz_0' (1#1) [C:/Users/Praj/Documents/2020 Fall/6.111/SpaceSynth_All/SpaceSynth_All.runs/synth_1/.Xil/Vivado-12668-DESKTOP-RLIVKHG/realtime/clk_wiz_0_stub.v:5]
INFO: [Synth 8-6157] synthesizing module 'debounce' [C:/Users/Praj/Documents/2020 Fall/6.111/SpaceSynth_All/SpaceSynth_All.srcs/sources_1/new/debounce.sv:7]
INFO: [Synth 8-6155] done synthesizing module 'debounce' (2#1) [C:/Users/Praj/Documents/2020 Fall/6.111/SpaceSynth_All/SpaceSynth_All.srcs/sources_1/new/debounce.sv:7]
INFO: [Synth 8-6157] synthesizing module 'xvga' [C:/Users/Praj/Documents/2020 Fall/6.111/SpaceSynth_All/SpaceSynth_All.srcs/sources_1/new/xvga.sv:22]
	Parameter DISPLAY_WIDTH bound to: 1024 - type: integer 
	Parameter DISPLAY_HEIGHT bound to: 768 - type: integer 
	Parameter H_FP bound to: 24 - type: integer 
	Parameter H_SYNC_PULSE bound to: 136 - type: integer 
	Parameter H_BP bound to: 160 - type: integer 
	Parameter V_FP bound to: 3 - type: integer 
	Parameter V_SYNC_PULSE bound to: 6 - type: integer 
	Parameter V_BP bound to: 29 - type: integer 
INFO: [Synth 8-6155] done synthesizing module 'xvga' (3#1) [C:/Users/Praj/Documents/2020 Fall/6.111/SpaceSynth_All/SpaceSynth_All.srcs/sources_1/new/xvga.sv:22]
INFO: [Synth 8-6157] synthesizing module 'camera_to_mask' [C:/Users/Praj/Documents/2020 Fall/6.111/SpaceSynth_All/SpaceSynth_All.srcs/sources_1/new/camera_to_mask.sv:3]
INFO: [Synth 8-6157] synthesizing module 'camera_read' [C:/Users/Praj/Documents/2020 Fall/6.111/SpaceSynth_All/SpaceSynth_All.srcs/sources_1/new/camera_read.sv:1]
	Parameter WAIT_FRAME_START bound to: 0 - type: integer 
	Parameter ROW_CAPTURE bound to: 1 - type: integer 
	Parameter DISPLAY_WIDTH bound to: 319 - type: integer 
	Parameter DISPLAY_HEIGHT bound to: 239 - type: integer 
INFO: [Synth 8-155] case statement is not full and has no default [C:/Users/Praj/Documents/2020 Fall/6.111/SpaceSynth_All/SpaceSynth_All.srcs/sources_1/new/camera_read.sv:25]
INFO: [Synth 8-6155] done synthesizing module 'camera_read' (4#1) [C:/Users/Praj/Documents/2020 Fall/6.111/SpaceSynth_All/SpaceSynth_All.srcs/sources_1/new/camera_read.sv:1]
INFO: [Synth 8-6157] synthesizing module 'rgb2hsv' [C:/Users/Praj/Documents/2020 Fall/6.111/SpaceSynth_All/SpaceSynth_All.srcs/sources_1/new/rgb_to_hsv.sv:8]
INFO: [Synth 8-6157] synthesizing module 'div_gen_0' [C:/Users/Praj/Documents/2020 Fall/6.111/SpaceSynth_All/SpaceSynth_All.runs/synth_1/.Xil/Vivado-12668-DESKTOP-RLIVKHG/realtime/div_gen_0_stub.v:6]
INFO: [Synth 8-6155] done synthesizing module 'div_gen_0' (5#1) [C:/Users/Praj/Documents/2020 Fall/6.111/SpaceSynth_All/SpaceSynth_All.runs/synth_1/.Xil/Vivado-12668-DESKTOP-RLIVKHG/realtime/div_gen_0_stub.v:6]
WARNING: [Synth 8-7023] instance 's_div' of module 'div_gen_0' has 7 connections declared, but only 6 given [C:/Users/Praj/Documents/2020 Fall/6.111/SpaceSynth_All/SpaceSynth_All.srcs/sources_1/new/rgb_to_hsv.sv:36]
WARNING: [Synth 8-7023] instance 'h_div' of module 'div_gen_0' has 7 connections declared, but only 6 given [C:/Users/Praj/Documents/2020 Fall/6.111/SpaceSynth_All/SpaceSynth_All.srcs/sources_1/new/rgb_to_hsv.sv:46]
INFO: [Synth 8-6155] done synthesizing module 'rgb2hsv' (6#1) [C:/Users/Praj/Documents/2020 Fall/6.111/SpaceSynth_All/SpaceSynth_All.srcs/sources_1/new/rgb_to_hsv.sv:8]
INFO: [Synth 8-6157] synthesizing module 'center_finder' [C:/Users/Praj/Documents/2020 Fall/6.111/SpaceSynth_All/SpaceSynth_All.srcs/sources_1/new/center_finder.sv:1]
	Parameter MAX_V_IDX bound to: 8'b11101111 
	Parameter MAX_H_IDX bound to: 9'b100111111 
	Parameter INITIALIZE bound to: 0 - type: integer 
	Parameter IDLE bound to: 1 - type: integer 
	Parameter NEWPIXEL bound to: 2 - type: integer 
	Parameter DONE bound to: 3 - type: integer 
INFO: [Synth 8-6157] synthesizing module 'blk_mem_gen_0' [C:/Users/Praj/Documents/2020 Fall/6.111/SpaceSynth_All/SpaceSynth_All.runs/synth_1/.Xil/Vivado-12668-DESKTOP-RLIVKHG/realtime/blk_mem_gen_0_stub.v:6]
INFO: [Synth 8-6155] done synthesizing module 'blk_mem_gen_0' (7#1) [C:/Users/Praj/Documents/2020 Fall/6.111/SpaceSynth_All/SpaceSynth_All.runs/synth_1/.Xil/Vivado-12668-DESKTOP-RLIVKHG/realtime/blk_mem_gen_0_stub.v:6]
INFO: [Synth 8-226] default block is never used [C:/Users/Praj/Documents/2020 Fall/6.111/SpaceSynth_All/SpaceSynth_All.srcs/sources_1/new/center_finder.sv:35]
INFO: [Synth 8-6155] done synthesizing module 'center_finder' (8#1) [C:/Users/Praj/Documents/2020 Fall/6.111/SpaceSynth_All/SpaceSynth_All.srcs/sources_1/new/center_finder.sv:1]
WARNING: [Synth 8-7023] instance 'red_cf' of module 'center_finder' has 9 connections declared, but only 8 given [C:/Users/Praj/Documents/2020 Fall/6.111/SpaceSynth_All/SpaceSynth_All.srcs/sources_1/new/camera_to_mask.sv:170]
WARNING: [Synth 8-7023] instance 'blue_cf' of module 'center_finder' has 9 connections declared, but only 8 given [C:/Users/Praj/Documents/2020 Fall/6.111/SpaceSynth_All/SpaceSynth_All.srcs/sources_1/new/camera_to_mask.sv:180]
INFO: [Synth 8-6157] synthesizing module 'image_bram' [C:/Users/Praj/Documents/2020 Fall/6.111/SpaceSynth_All/SpaceSynth_All.runs/synth_1/.Xil/Vivado-12668-DESKTOP-RLIVKHG/realtime/image_bram_stub.v:6]
INFO: [Synth 8-6155] done synthesizing module 'image_bram' (9#1) [C:/Users/Praj/Documents/2020 Fall/6.111/SpaceSynth_All/SpaceSynth_All.runs/synth_1/.Xil/Vivado-12668-DESKTOP-RLIVKHG/realtime/image_bram_stub.v:6]
INFO: [Synth 8-6157] synthesizing module 'red_mask_bram' [C:/Users/Praj/Documents/2020 Fall/6.111/SpaceSynth_All/SpaceSynth_All.runs/synth_1/.Xil/Vivado-12668-DESKTOP-RLIVKHG/realtime/red_mask_bram_stub.v:6]
INFO: [Synth 8-6155] done synthesizing module 'red_mask_bram' (10#1) [C:/Users/Praj/Documents/2020 Fall/6.111/SpaceSynth_All/SpaceSynth_All.runs/synth_1/.Xil/Vivado-12668-DESKTOP-RLIVKHG/realtime/red_mask_bram_stub.v:6]
INFO: [Synth 8-6157] synthesizing module 'blue_mask_bram' [C:/Users/Praj/Documents/2020 Fall/6.111/SpaceSynth_All/SpaceSynth_All.runs/synth_1/.Xil/Vivado-12668-DESKTOP-RLIVKHG/realtime/blue_mask_bram_stub.v:6]
INFO: [Synth 8-6155] done synthesizing module 'blue_mask_bram' (11#1) [C:/Users/Praj/Documents/2020 Fall/6.111/SpaceSynth_All/SpaceSynth_All.runs/synth_1/.Xil/Vivado-12668-DESKTOP-RLIVKHG/realtime/blue_mask_bram_stub.v:6]
INFO: [Synth 8-6155] done synthesizing module 'camera_to_mask' (12#1) [C:/Users/Praj/Documents/2020 Fall/6.111/SpaceSynth_All/SpaceSynth_All.srcs/sources_1/new/camera_to_mask.sv:3]
WARNING: [Synth 8-6014] Unused sequential element sample_counter_reg was removed.  [C:/Users/Praj/Documents/2020 Fall/6.111/SpaceSynth_All/SpaceSynth_All.srcs/sources_1/new/top_level.sv:41]
WARNING: [Synth 8-87] always_comb on 'raw_image_output_pixel_addr_reg' did not result in combinational logic [C:/Users/Praj/Documents/2020 Fall/6.111/SpaceSynth_All/SpaceSynth_All.srcs/sources_1/new/top_level.sv:107]
WARNING: [Synth 8-87] always_comb on 'red_buff_output_pixel_addr_reg' did not result in combinational logic [C:/Users/Praj/Documents/2020 Fall/6.111/SpaceSynth_All/SpaceSynth_All.srcs/sources_1/new/top_level.sv:112]
WARNING: [Synth 8-87] always_comb on 'blue_buff_output_pixel_addr_reg' did not result in combinational logic [C:/Users/Praj/Documents/2020 Fall/6.111/SpaceSynth_All/SpaceSynth_All.srcs/sources_1/new/top_level.sv:117]
WARNING: [Synth 8-3848] Net aud_pwm in module/entity top_level does not have driver. [C:/Users/Praj/Documents/2020 Fall/6.111/SpaceSynth_All/SpaceSynth_All.srcs/sources_1/new/top_level.sv:27]
INFO: [Synth 8-6155] done synthesizing module 'top_level' (13#1) [C:/Users/Praj/Documents/2020 Fall/6.111/SpaceSynth_All/SpaceSynth_All.srcs/sources_1/new/top_level.sv:3]
WARNING: [Synth 8-3917] design top_level has port aud_sd driven by constant 1
WARNING: [Synth 8-3331] design center_finder has unconnected port rst_in
WARNING: [Synth 8-3331] design rgb2hsv has unconnected port reset
WARNING: [Synth 8-3331] design camera_to_mask has unconnected port sw[15]
WARNING: [Synth 8-3331] design camera_to_mask has unconnected port sw[14]
WARNING: [Synth 8-3331] design camera_to_mask has unconnected port sw[13]
WARNING: [Synth 8-3331] design camera_to_mask has unconnected port sw[12]
WARNING: [Synth 8-3331] design camera_to_mask has unconnected port sw[11]
WARNING: [Synth 8-3331] design camera_to_mask has unconnected port sw[5]
WARNING: [Synth 8-3331] design camera_to_mask has unconnected port sw[3]
WARNING: [Synth 8-3331] design camera_to_mask has unconnected port sw[2]
WARNING: [Synth 8-3331] design camera_to_mask has unconnected port sw[1]
WARNING: [Synth 8-3331] design camera_to_mask has unconnected port sw[0]
WARNING: [Synth 8-3331] design camera_to_mask has unconnected port jd_p[2]
WARNING: [Synth 8-3331] design camera_to_mask has unconnected port jd_p[1]
WARNING: [Synth 8-3331] design camera_to_mask has unconnected port jd_p[0]
WARNING: [Synth 8-3331] design camera_to_mask has unconnected port hcount[10]
WARNING: [Synth 8-3331] design camera_to_mask has unconnected port hcount[9]
WARNING: [Synth 8-3331] design camera_to_mask has unconnected port hcount[8]
WARNING: [Synth 8-3331] design camera_to_mask has unconnected port hcount[7]
WARNING: [Synth 8-3331] design camera_to_mask has unconnected port hcount[6]
WARNING: [Synth 8-3331] design camera_to_mask has unconnected port hcount[5]
WARNING: [Synth 8-3331] design camera_to_mask has unconnected port hcount[4]
WARNING: [Synth 8-3331] design camera_to_mask has unconnected port hcount[3]
WARNING: [Synth 8-3331] design camera_to_mask has unconnected port hcount[2]
WARNING: [Synth 8-3331] design camera_to_mask has unconnected port hcount[1]
WARNING: [Synth 8-3331] design camera_to_mask has unconnected port hcount[0]
WARNING: [Synth 8-3331] design camera_to_mask has unconnected port vcount[9]
WARNING: [Synth 8-3331] design camera_to_mask has unconnected port vcount[8]
WARNING: [Synth 8-3331] design camera_to_mask has unconnected port vcount[7]
WARNING: [Synth 8-3331] design camera_to_mask has unconnected port vcount[6]
WARNING: [Synth 8-3331] design camera_to_mask has unconnected port vcount[5]
WARNING: [Synth 8-3331] design camera_to_mask has unconnected port vcount[4]
WARNING: [Synth 8-3331] design camera_to_mask has unconnected port vcount[3]
WARNING: [Synth 8-3331] design camera_to_mask has unconnected port vcount[2]
WARNING: [Synth 8-3331] design camera_to_mask has unconnected port vcount[1]
WARNING: [Synth 8-3331] design camera_to_mask has unconnected port vcount[0]
WARNING: [Synth 8-3331] design top_level has unconnected port aud_pwm
WARNING: [Synth 8-3331] design top_level has unconnected port btnu
WARNING: [Synth 8-3331] design top_level has unconnected port btnd
---------------------------------------------------------------------------------
Finished RTL Elaboration : Time (s): cpu = 00:00:06 ; elapsed = 00:00:06 . Memory (MB): peak = 898.285 ; gain = 310.879
---------------------------------------------------------------------------------

Report Check Netlist: 
+------+------------------+-------+---------+-------+------------------+
|      |Item              |Errors |Warnings |Status |Description       |
+------+------------------+-------+---------+-------+------------------+
|1     |multi_driven_nets |      0|        0|Passed |Multi driven nets |
+------+------------------+-------+---------+-------+------------------+
---------------------------------------------------------------------------------
Start Handling Custom Attributes
---------------------------------------------------------------------------------
---------------------------------------------------------------------------------
Finished Handling Custom Attributes : Time (s): cpu = 00:00:07 ; elapsed = 00:00:07 . Memory (MB): peak = 898.285 ; gain = 310.879
---------------------------------------------------------------------------------
---------------------------------------------------------------------------------
Finished RTL Optimization Phase 1 : Time (s): cpu = 00:00:07 ; elapsed = 00:00:07 . Memory (MB): peak = 898.285 ; gain = 310.879
---------------------------------------------------------------------------------
Netlist sorting complete. Time (s): cpu = 00:00:00 ; elapsed = 00:00:00.024 . Memory (MB): peak = 898.285 ; gain = 0.000
INFO: [Project 1-570] Preparing netlist for logic optimization

Processing XDC Constraints
Initializing timing engine
Parsing XDC File [c:/Users/Praj/Documents/2020 Fall/6.111/SpaceSynth_All/SpaceSynth_All.srcs/sources_1/ip/blue_mask_bram/blue_mask_bram/red_mask_bram_in_context.xdc] for cell 'color_blobs/b_mask_bram'
Finished Parsing XDC File [c:/Users/Praj/Documents/2020 Fall/6.111/SpaceSynth_All/SpaceSynth_All.srcs/sources_1/ip/blue_mask_bram/blue_mask_bram/red_mask_bram_in_context.xdc] for cell 'color_blobs/b_mask_bram'
Parsing XDC File [c:/Users/Praj/Documents/2020 Fall/6.111/SpaceSynth_All/SpaceSynth_All.srcs/sources_1/ip/blk_mem_gen_0/blk_mem_gen_0/blk_mem_gen_0_in_context.xdc] for cell 'color_blobs/red_cf/index_bram'
Finished Parsing XDC File [c:/Users/Praj/Documents/2020 Fall/6.111/SpaceSynth_All/SpaceSynth_All.srcs/sources_1/ip/blk_mem_gen_0/blk_mem_gen_0/blk_mem_gen_0_in_context.xdc] for cell 'color_blobs/red_cf/index_bram'
Parsing XDC File [c:/Users/Praj/Documents/2020 Fall/6.111/SpaceSynth_All/SpaceSynth_All.srcs/sources_1/ip/blk_mem_gen_0/blk_mem_gen_0/blk_mem_gen_0_in_context.xdc] for cell 'color_blobs/blue_cf/index_bram'
Finished Parsing XDC File [c:/Users/Praj/Documents/2020 Fall/6.111/SpaceSynth_All/SpaceSynth_All.srcs/sources_1/ip/blk_mem_gen_0/blk_mem_gen_0/blk_mem_gen_0_in_context.xdc] for cell 'color_blobs/blue_cf/index_bram'
Parsing XDC File [c:/Users/Praj/Documents/2020 Fall/6.111/SpaceSynth_All/SpaceSynth_All.srcs/sources_1/ip/red_mask_bram/red_mask_bram/red_mask_bram_in_context.xdc] for cell 'color_blobs/r_mask_bram'
Finished Parsing XDC File [c:/Users/Praj/Documents/2020 Fall/6.111/SpaceSynth_All/SpaceSynth_All.srcs/sources_1/ip/red_mask_bram/red_mask_bram/red_mask_bram_in_context.xdc] for cell 'color_blobs/r_mask_bram'
Parsing XDC File [c:/Users/Praj/Documents/2020 Fall/6.111/SpaceSynth_All/SpaceSynth_All.srcs/sources_1/ip/image_bram/image_bram/image_bram_in_context.xdc] for cell 'color_blobs/frame_bram'
Finished Parsing XDC File [c:/Users/Praj/Documents/2020 Fall/6.111/SpaceSynth_All/SpaceSynth_All.srcs/sources_1/ip/image_bram/image_bram/image_bram_in_context.xdc] for cell 'color_blobs/frame_bram'
Parsing XDC File [c:/Users/Praj/Documents/2020 Fall/6.111/SpaceSynth_All/SpaceSynth_All.srcs/sources_1/ip/div_gen_0/div_gen_0/div_gen_0_in_context.xdc] for cell 'color_blobs/converter/s_div'
Finished Parsing XDC File [c:/Users/Praj/Documents/2020 Fall/6.111/SpaceSynth_All/SpaceSynth_All.srcs/sources_1/ip/div_gen_0/div_gen_0/div_gen_0_in_context.xdc] for cell 'color_blobs/converter/s_div'
Parsing XDC File [c:/Users/Praj/Documents/2020 Fall/6.111/SpaceSynth_All/SpaceSynth_All.srcs/sources_1/ip/div_gen_0/div_gen_0/div_gen_0_in_context.xdc] for cell 'color_blobs/converter/h_div'
Finished Parsing XDC File [c:/Users/Praj/Documents/2020 Fall/6.111/SpaceSynth_All/SpaceSynth_All.srcs/sources_1/ip/div_gen_0/div_gen_0/div_gen_0_in_context.xdc] for cell 'color_blobs/converter/h_div'
Parsing XDC File [c:/Users/Praj/Documents/2020 Fall/6.111/SpaceSynth_All/SpaceSynth_All.srcs/sources_1/ip/clk_wiz_0_1/clk_wiz_0/clk_wiz_0_in_context.xdc] for cell 'clkdivider'
Finished Parsing XDC File [c:/Users/Praj/Documents/2020 Fall/6.111/SpaceSynth_All/SpaceSynth_All.srcs/sources_1/ip/clk_wiz_0_1/clk_wiz_0/clk_wiz_0_in_context.xdc] for cell 'clkdivider'
Parsing XDC File [C:/Users/Praj/Documents/2020 Fall/6.111/SpaceSynth_All/SpaceSynth_All.srcs/constrs_1/imports/Lab5a/nexys4ddr_audio.xdc]
WARNING: [Vivado 12-584] No ports matched 'ca'. [C:/Users/Praj/Documents/2020 Fall/6.111/SpaceSynth_All/SpaceSynth_All.srcs/constrs_1/imports/Lab5a/nexys4ddr_audio.xdc:65]
WARNING: [Vivado 12-584] No ports matched 'cb'. [C:/Users/Praj/Documents/2020 Fall/6.111/SpaceSynth_All/SpaceSynth_All.srcs/constrs_1/imports/Lab5a/nexys4ddr_audio.xdc:66]
WARNING: [Vivado 12-584] No ports matched 'cc'. [C:/Users/Praj/Documents/2020 Fall/6.111/SpaceSynth_All/SpaceSynth_All.srcs/constrs_1/imports/Lab5a/nexys4ddr_audio.xdc:67]
WARNING: [Vivado 12-584] No ports matched 'cd'. [C:/Users/Praj/Documents/2020 Fall/6.111/SpaceSynth_All/SpaceSynth_All.srcs/constrs_1/imports/Lab5a/nexys4ddr_audio.xdc:68]
WARNING: [Vivado 12-584] No ports matched 'ce'. [C:/Users/Praj/Documents/2020 Fall/6.111/SpaceSynth_All/SpaceSynth_All.srcs/constrs_1/imports/Lab5a/nexys4ddr_audio.xdc:69]
WARNING: [Vivado 12-584] No ports matched 'cf'. [C:/Users/Praj/Documents/2020 Fall/6.111/SpaceSynth_All/SpaceSynth_All.srcs/constrs_1/imports/Lab5a/nexys4ddr_audio.xdc:70]
WARNING: [Vivado 12-584] No ports matched 'cg'. [C:/Users/Praj/Documents/2020 Fall/6.111/SpaceSynth_All/SpaceSynth_All.srcs/constrs_1/imports/Lab5a/nexys4ddr_audio.xdc:71]
WARNING: [Vivado 12-584] No ports matched 'dp'. [C:/Users/Praj/Documents/2020 Fall/6.111/SpaceSynth_All/SpaceSynth_All.srcs/constrs_1/imports/Lab5a/nexys4ddr_audio.xdc:73]
WARNING: [Vivado 12-584] No ports matched 'an[0]'. [C:/Users/Praj/Documents/2020 Fall/6.111/SpaceSynth_All/SpaceSynth_All.srcs/constrs_1/imports/Lab5a/nexys4ddr_audio.xdc:75]
WARNING: [Vivado 12-584] No ports matched 'an[1]'. [C:/Users/Praj/Documents/2020 Fall/6.111/SpaceSynth_All/SpaceSynth_All.srcs/constrs_1/imports/Lab5a/nexys4ddr_audio.xdc:76]
WARNING: [Vivado 12-584] No ports matched 'an[2]'. [C:/Users/Praj/Documents/2020 Fall/6.111/SpaceSynth_All/SpaceSynth_All.srcs/constrs_1/imports/Lab5a/nexys4ddr_audio.xdc:77]
WARNING: [Vivado 12-584] No ports matched 'an[3]'. [C:/Users/Praj/Documents/2020 Fall/6.111/SpaceSynth_All/SpaceSynth_All.srcs/constrs_1/imports/Lab5a/nexys4ddr_audio.xdc:78]
WARNING: [Vivado 12-584] No ports matched 'an[4]'. [C:/Users/Praj/Documents/2020 Fall/6.111/SpaceSynth_All/SpaceSynth_All.srcs/constrs_1/imports/Lab5a/nexys4ddr_audio.xdc:79]
WARNING: [Vivado 12-584] No ports matched 'an[5]'. [C:/Users/Praj/Documents/2020 Fall/6.111/SpaceSynth_All/SpaceSynth_All.srcs/constrs_1/imports/Lab5a/nexys4ddr_audio.xdc:80]
WARNING: [Vivado 12-584] No ports matched 'an[6]'. [C:/Users/Praj/Documents/2020 Fall/6.111/SpaceSynth_All/SpaceSynth_All.srcs/constrs_1/imports/Lab5a/nexys4ddr_audio.xdc:81]
WARNING: [Vivado 12-584] No ports matched 'an[7]'. [C:/Users/Praj/Documents/2020 Fall/6.111/SpaceSynth_All/SpaceSynth_All.srcs/constrs_1/imports/Lab5a/nexys4ddr_audio.xdc:82]
WARNING: [Vivado 12-584] No ports matched 'vauxn3'. [C:/Users/Praj/Documents/2020 Fall/6.111/SpaceSynth_All/SpaceSynth_All.srcs/constrs_1/imports/Lab5a/nexys4ddr_audio.xdc:167]
WARNING: [Vivado 12-584] No ports matched 'vauxp3'. [C:/Users/Praj/Documents/2020 Fall/6.111/SpaceSynth_All/SpaceSynth_All.srcs/constrs_1/imports/Lab5a/nexys4ddr_audio.xdc:168]
Finished Parsing XDC File [C:/Users/Praj/Documents/2020 Fall/6.111/SpaceSynth_All/SpaceSynth_All.srcs/constrs_1/imports/Lab5a/nexys4ddr_audio.xdc]
WARNING: [Project 1-498] One or more constraints failed evaluation while reading constraint file [C:/Users/Praj/Documents/2020 Fall/6.111/SpaceSynth_All/SpaceSynth_All.srcs/constrs_1/imports/Lab5a/nexys4ddr_audio.xdc] and the design contains unresolved black boxes. These constraints will be read post-synthesis (as long as their source constraint file is marked as used_in_implementation) and should be applied correctly then. You should review the constraints listed in the file [.Xil/top_level_propImpl.xdc] and check the run log file to verify that these constraints were correctly applied.
INFO: [Project 1-236] Implementation specific constraints were found while reading constraint file [C:/Users/Praj/Documents/2020 Fall/6.111/SpaceSynth_All/SpaceSynth_All.srcs/constrs_1/imports/Lab5a/nexys4ddr_audio.xdc]. These constraints will be ignored for synthesis but will be used in implementation. Impacted constraints are listed in the file [.Xil/top_level_propImpl.xdc].
Resolution: To avoid this warning, move constraints listed in [.Xil/top_level_propImpl.xdc] to another XDC file and exclude this new file from synthesis with the used_in_synthesis property (File Properties dialog in GUI) and re-run elaboration/synthesis.
Parsing XDC File [C:/Users/Praj/Documents/2020 Fall/6.111/SpaceSynth_All/SpaceSynth_All.runs/synth_1/dont_touch.xdc]
Finished Parsing XDC File [C:/Users/Praj/Documents/2020 Fall/6.111/SpaceSynth_All/SpaceSynth_All.runs/synth_1/dont_touch.xdc]
Completed Processing XDC Constraints

Netlist sorting complete. Time (s): cpu = 00:00:00 ; elapsed = 00:00:00.001 . Memory (MB): peak = 1009.082 ; gain = 0.000
INFO: [Project 1-111] Unisim Transformation Summary:
No Unisim elements were transformed.

Constraint Validation Runtime : Time (s): cpu = 00:00:00 ; elapsed = 00:00:00.018 . Memory (MB): peak = 1009.082 ; gain = 0.000
WARNING: [Timing 38-316] Clock period '20.000' specified during out-of-context synthesis of instance 'color_blobs/b_mask_bram' at clock pin 'clkb' is different from the actual clock period '15.385', this can lead to different synthesis results.
WARNING: [Timing 38-316] Clock period '20.000' specified during out-of-context synthesis of instance 'color_blobs/frame_bram' at clock pin 'clkb' is different from the actual clock period '15.385', this can lead to different synthesis results.
WARNING: [Timing 38-316] Clock period '20.000' specified during out-of-context synthesis of instance 'color_blobs/r_mask_bram' at clock pin 'clkb' is different from the actual clock period '15.385', this can lead to different synthesis results.
WARNING: [Timing 38-316] Clock period '20.000' specified during out-of-context synthesis of instance 'color_blobs/blue_cf/index_bram' at clock pin 'clka' is different from the actual clock period '15.385', this can lead to different synthesis results.
WARNING: [Timing 38-316] Clock period '1000.000' specified during out-of-context synthesis of instance 'color_blobs/converter/h_div' at clock pin 'aclk' is different from the actual clock period '15.385', this can lead to different synthesis results.
WARNING: [Timing 38-316] Clock period '1000.000' specified during out-of-context synthesis of instance 'color_blobs/converter/s_div' at clock pin 'aclk' is different from the actual clock period '15.385', this can lead to different synthesis results.
WARNING: [Timing 38-316] Clock period '20.000' specified during out-of-context synthesis of instance 'color_blobs/red_cf/index_bram' at clock pin 'clka' is different from the actual clock period '15.385', this can lead to different synthesis results.
---------------------------------------------------------------------------------
Finished Constraint Validation : Time (s): cpu = 00:00:14 ; elapsed = 00:00:14 . Memory (MB): peak = 1011.145 ; gain = 423.738
---------------------------------------------------------------------------------
---------------------------------------------------------------------------------
Start Loading Part and Timing Information
---------------------------------------------------------------------------------
Loading part: xc7a100tcsg324-1
---------------------------------------------------------------------------------
Finished Loading Part and Timing Information : Time (s): cpu = 00:00:14 ; elapsed = 00:00:14 . Memory (MB): peak = 1011.145 ; gain = 423.738
---------------------------------------------------------------------------------
---------------------------------------------------------------------------------
Start Applying 'set_property' XDC Constraints
---------------------------------------------------------------------------------
Applied set_property IO_BUFFER_TYPE = NONE for clk_100mhz. (constraint file  {c:/Users/Praj/Documents/2020 Fall/6.111/SpaceSynth_All/SpaceSynth_All.srcs/sources_1/ip/clk_wiz_0_1/clk_wiz_0/clk_wiz_0_in_context.xdc}, line 3).
Applied set_property CLOCK_BUFFER_TYPE = NONE for clk_100mhz. (constraint file  {c:/Users/Praj/Documents/2020 Fall/6.111/SpaceSynth_All/SpaceSynth_All.srcs/sources_1/ip/clk_wiz_0_1/clk_wiz_0/clk_wiz_0_in_context.xdc}, line 4).
Applied set_property DONT_TOUCH = true for color_blobs/b_mask_bram. (constraint file  auto generated constraint, line ).
Applied set_property DONT_TOUCH = true for color_blobs/red_cf/index_bram. (constraint file  auto generated constraint, line ).
Applied set_property DONT_TOUCH = true for color_blobs/blue_cf/index_bram. (constraint file  auto generated constraint, line ).
Applied set_property DONT_TOUCH = true for color_blobs/r_mask_bram. (constraint file  auto generated constraint, line ).
Applied set_property DONT_TOUCH = true for color_blobs/frame_bram. (constraint file  auto generated constraint, line ).
Applied set_property DONT_TOUCH = true for color_blobs/converter/h_div. (constraint file  auto generated constraint, line ).
Applied set_property DONT_TOUCH = true for color_blobs/converter/s_div. (constraint file  auto generated constraint, line ).
Applied set_property DONT_TOUCH = true for clkdivider. (constraint file  auto generated constraint, line ).
---------------------------------------------------------------------------------
Finished applying 'set_property' XDC Constraints : Time (s): cpu = 00:00:14 ; elapsed = 00:00:14 . Memory (MB): peak = 1011.145 ; gain = 423.738
---------------------------------------------------------------------------------
INFO: [Synth 8-802] inferred FSM for state register 'FSM_state_reg' in module 'camera_read'
INFO: [Synth 8-5818] HDL ADVISOR - The operator resource <multiplier> is shared. To prevent sharing consider applying a KEEP on the output of the operator [C:/Users/Praj/Documents/2020 Fall/6.111/SpaceSynth_All/SpaceSynth_All.srcs/sources_1/new/rgb_to_hsv.sv:98]
INFO: [Synth 8-5818] HDL ADVISOR - The operator resource <adder> is shared. To prevent sharing consider applying a KEEP on the output of the operator [C:/Users/Praj/Documents/2020 Fall/6.111/SpaceSynth_All/SpaceSynth_All.srcs/sources_1/new/rgb_to_hsv.sv:98]
INFO: [Synth 8-5818] HDL ADVISOR - The operator resource <multiplier> is shared. To prevent sharing consider applying a KEEP on the output of the operator [C:/Users/Praj/Documents/2020 Fall/6.111/SpaceSynth_All/SpaceSynth_All.srcs/sources_1/new/rgb_to_hsv.sv:93]
INFO: [Synth 8-5818] HDL ADVISOR - The operator resource <adder> is shared. To prevent sharing consider applying a KEEP on the output of the operator [C:/Users/Praj/Documents/2020 Fall/6.111/SpaceSynth_All/SpaceSynth_All.srcs/sources_1/new/rgb_to_hsv.sv:93]
INFO: [Synth 8-5818] HDL ADVISOR - The operator resource <multiplier> is shared. To prevent sharing consider applying a KEEP on the output of the operator [C:/Users/Praj/Documents/2020 Fall/6.111/SpaceSynth_All/SpaceSynth_All.srcs/sources_1/new/rgb_to_hsv.sv:92]
INFO: [Synth 8-5818] HDL ADVISOR - The operator resource <adder> is shared. To prevent sharing consider applying a KEEP on the output of the operator [C:/Users/Praj/Documents/2020 Fall/6.111/SpaceSynth_All/SpaceSynth_All.srcs/sources_1/new/rgb_to_hsv.sv:92]
INFO: [Synth 8-5818] HDL ADVISOR - The operator resource <multiplier> is shared. To prevent sharing consider applying a KEEP on the output of the operator [C:/Users/Praj/Documents/2020 Fall/6.111/SpaceSynth_All/SpaceSynth_All.srcs/sources_1/new/rgb_to_hsv.sv:88]
INFO: [Synth 8-5818] HDL ADVISOR - The operator resource <adder> is shared. To prevent sharing consider applying a KEEP on the output of the operator [C:/Users/Praj/Documents/2020 Fall/6.111/SpaceSynth_All/SpaceSynth_All.srcs/sources_1/new/rgb_to_hsv.sv:88]
INFO: [Synth 8-5818] HDL ADVISOR - The operator resource <multiplier> is shared. To prevent sharing consider applying a KEEP on the output of the operator [C:/Users/Praj/Documents/2020 Fall/6.111/SpaceSynth_All/SpaceSynth_All.srcs/sources_1/new/rgb_to_hsv.sv:48]
INFO: [Synth 8-5818] HDL ADVISOR - The operator resource <adder> is shared. To prevent sharing consider applying a KEEP on the output of the operator [C:/Users/Praj/Documents/2020 Fall/6.111/SpaceSynth_All/SpaceSynth_All.srcs/sources_1/new/rgb_to_hsv.sv:48]
INFO: [Synth 8-5818] HDL ADVISOR - The operator resource <adder> is shared. To prevent sharing consider applying a KEEP on the output of the operator [C:/Users/Praj/Documents/2020 Fall/6.111/SpaceSynth_All/SpaceSynth_All.srcs/sources_1/new/rgb_to_hsv.sv:120]
INFO: [Synth 8-802] inferred FSM for state register 'frame_state_reg' in module 'center_finder__xdcDup__1'
INFO: [Synth 8-802] inferred FSM for state register 'frame_state_reg' in module 'center_finder'
---------------------------------------------------------------------------------------------------
                   State |                     New Encoding |                Previous Encoding 
---------------------------------------------------------------------------------------------------
        WAIT_FRAME_START |                                0 |                               00
             ROW_CAPTURE |                                1 |                               01
---------------------------------------------------------------------------------------------------
INFO: [Synth 8-3354] encoded FSM with state register 'FSM_state_reg' using encoding 'sequential' in module 'camera_read'
---------------------------------------------------------------------------------------------------
                   State |                     New Encoding |                Previous Encoding 
---------------------------------------------------------------------------------------------------
              INITIALIZE |                               00 |                               00
                NEWPIXEL |                               01 |                               10
                    IDLE |                               10 |                               01
                    DONE |                               11 |                               11
---------------------------------------------------------------------------------------------------
INFO: [Synth 8-3354] encoded FSM with state register 'frame_state_reg' using encoding 'sequential' in module 'center_finder__xdcDup__1'
---------------------------------------------------------------------------------------------------
                   State |                     New Encoding |                Previous Encoding 
---------------------------------------------------------------------------------------------------
              INITIALIZE |                               00 |                               00
                NEWPIXEL |                               01 |                               10
                    IDLE |                               10 |                               01
                    DONE |                               11 |                               11
---------------------------------------------------------------------------------------------------
INFO: [Synth 8-3354] encoded FSM with state register 'frame_state_reg' using encoding 'sequential' in module 'center_finder'
WARNING: [Synth 8-327] inferring latch for variable 'raw_image_output_pixel_addr_reg' [C:/Users/Praj/Documents/2020 Fall/6.111/SpaceSynth_All/SpaceSynth_All.srcs/sources_1/new/top_level.sv:107]
WARNING: [Synth 8-327] inferring latch for variable 'red_buff_output_pixel_addr_reg' [C:/Users/Praj/Documents/2020 Fall/6.111/SpaceSynth_All/SpaceSynth_All.srcs/sources_1/new/top_level.sv:112]
WARNING: [Synth 8-327] inferring latch for variable 'blue_buff_output_pixel_addr_reg' [C:/Users/Praj/Documents/2020 Fall/6.111/SpaceSynth_All/SpaceSynth_All.srcs/sources_1/new/top_level.sv:117]
---------------------------------------------------------------------------------
Finished RTL Optimization Phase 2 : Time (s): cpu = 00:00:15 ; elapsed = 00:00:15 . Memory (MB): peak = 1011.145 ; gain = 423.738
---------------------------------------------------------------------------------

Report RTL Partitions: 
+-+--------------+------------+----------+
| |RTL Partition |Replication |Instances |
+-+--------------+------------+----------+
+-+--------------+------------+----------+
---------------------------------------------------------------------------------
Start RTL Component Statistics 
---------------------------------------------------------------------------------
Detailed RTL Component Info : 
+---Adders : 
	   2 Input     16 Bit       Adders := 1     
	   2 Input     11 Bit       Adders := 1     
	   2 Input     10 Bit       Adders := 2     
	   2 Input      9 Bit       Adders := 1     
	   2 Input      8 Bit       Adders := 1     
	   3 Input      8 Bit       Adders := 3     
	   2 Input      2 Bit       Adders := 1     
+---Registers : 
	               19 Bit    Registers := 1     
	               17 Bit    Registers := 2     
	               16 Bit    Registers := 3     
	               12 Bit    Registers := 1     
	               11 Bit    Registers := 1     
	               10 Bit    Registers := 1     
	                9 Bit    Registers := 5     
	                8 Bit    Registers := 62    
	                2 Bit    Registers := 1     
	                1 Bit    Registers := 22    
+---Muxes : 
	   3 Input     16 Bit        Muxes := 1     
	   2 Input     16 Bit        Muxes := 7     
	   2 Input     12 Bit        Muxes := 5     
	   2 Input      9 Bit        Muxes := 2     
	   2 Input      8 Bit        Muxes := 11    
	   3 Input      8 Bit        Muxes := 1     
	   2 Input      4 Bit        Muxes := 3     
	   4 Input      2 Bit        Muxes := 2     
	   2 Input      2 Bit        Muxes := 10    
	   2 Input      1 Bit        Muxes := 25    
	   3 Input      1 Bit        Muxes := 2     
	   4 Input      1 Bit        Muxes := 12    
	   5 Input      1 Bit        Muxes := 1     
---------------------------------------------------------------------------------
Finished RTL Component Statistics 
---------------------------------------------------------------------------------
---------------------------------------------------------------------------------
Start RTL Hierarchical Component Statistics 
---------------------------------------------------------------------------------
Hierarchical RTL Component report 
Module top_level 
Detailed RTL Component Info : 
+---Adders : 
	   2 Input     10 Bit       Adders := 1     
+---Muxes : 
	   2 Input     12 Bit        Muxes := 5     
	   2 Input      4 Bit        Muxes := 3     
Module debounce 
Detailed RTL Component Info : 
+---Registers : 
	                1 Bit    Registers := 2     
+---Muxes : 
	   2 Input      1 Bit        Muxes := 4     
Module xvga 
Detailed RTL Component Info : 
+---Adders : 
	   2 Input     11 Bit       Adders := 1     
	   2 Input     10 Bit       Adders := 1     
+---Registers : 
	               11 Bit    Registers := 1     
	               10 Bit    Registers := 1     
	                1 Bit    Registers := 5     
+---Muxes : 
	   2 Input      1 Bit        Muxes := 2     
Module camera_read 
Detailed RTL Component Info : 
+---Adders : 
	   2 Input      9 Bit       Adders := 1     
	   2 Input      8 Bit       Adders := 1     
+---Registers : 
	               16 Bit    Registers := 1     
	                9 Bit    Registers := 1     
	                8 Bit    Registers := 1     
	                1 Bit    Registers := 3     
+---Muxes : 
	   3 Input     16 Bit        Muxes := 1     
	   2 Input     16 Bit        Muxes := 1     
	   2 Input      9 Bit        Muxes := 2     
	   2 Input      1 Bit        Muxes := 9     
Module rgb2hsv 
Detailed RTL Component Info : 
+---Adders : 
	   2 Input     16 Bit       Adders := 1     
	   3 Input      8 Bit       Adders := 3     
+---Registers : 
	               19 Bit    Registers := 1     
	               16 Bit    Registers := 2     
	                8 Bit    Registers := 55    
+---Muxes : 
	   2 Input     16 Bit        Muxes := 6     
	   2 Input      8 Bit        Muxes := 11    
	   3 Input      8 Bit        Muxes := 1     
	   2 Input      1 Bit        Muxes := 6     
Module center_finder__xdcDup__1 
Detailed RTL Component Info : 
+---Registers : 
	               17 Bit    Registers := 1     
	                9 Bit    Registers := 2     
	                8 Bit    Registers := 2     
	                1 Bit    Registers := 2     
+---Muxes : 
	   4 Input      2 Bit        Muxes := 1     
	   2 Input      2 Bit        Muxes := 5     
	   2 Input      1 Bit        Muxes := 1     
	   3 Input      1 Bit        Muxes := 1     
	   4 Input      1 Bit        Muxes := 6     
Module center_finder 
Detailed RTL Component Info : 
+---Registers : 
	               17 Bit    Registers := 1     
	                9 Bit    Registers := 2     
	                8 Bit    Registers := 2     
	                1 Bit    Registers := 2     
+---Muxes : 
	   4 Input      2 Bit        Muxes := 1     
	   2 Input      2 Bit        Muxes := 5     
	   2 Input      1 Bit        Muxes := 1     
	   3 Input      1 Bit        Muxes := 1     
	   4 Input      1 Bit        Muxes := 6     
Module camera_to_mask 
Detailed RTL Component Info : 
+---Adders : 
	   2 Input      2 Bit       Adders := 1     
+---Registers : 
	               12 Bit    Registers := 1     
	                8 Bit    Registers := 2     
	                2 Bit    Registers := 1     
	                1 Bit    Registers := 8     
+---Muxes : 
	   5 Input      1 Bit        Muxes := 1     
	   2 Input      1 Bit        Muxes := 2     
---------------------------------------------------------------------------------
Finished RTL Hierarchical Component Statistics
---------------------------------------------------------------------------------
---------------------------------------------------------------------------------
Start Part Resource Summary
---------------------------------------------------------------------------------
Part Resources:
DSPs: 240 (col length:80)
BRAMs: 270 (col length: RAMB18 80 RAMB36 40)
---------------------------------------------------------------------------------
Finished Part Resource Summary
---------------------------------------------------------------------------------
---------------------------------------------------------------------------------
Start Cross Boundary and Area Optimization
---------------------------------------------------------------------------------
Warning: Parallel synthesis criteria is not met 
INFO: [Synth 8-4471] merging register 'color_blobs/converter/delta_reg[7:0]' into 'color_blobs/converter/delta_reg[7:0]' [C:/Users/Praj/Documents/2020 Fall/6.111/SpaceSynth_All/SpaceSynth_All.srcs/sources_1/new/rgb_to_hsv.sv:80]
INFO: [Synth 8-4471] merging register 'color_blobs/converter/delta_reg[7:0]' into 'color_blobs/converter/delta_reg[7:0]' [C:/Users/Praj/Documents/2020 Fall/6.111/SpaceSynth_All/SpaceSynth_All.srcs/sources_1/new/rgb_to_hsv.sv:80]
DSP Report: Generating DSP color_blobs/converter/h_top_reg, operation Mode is: (A*(B:0xff))'.
DSP Report: register color_blobs/converter/h_top_reg is absorbed into DSP color_blobs/converter/h_top_reg.
DSP Report: operator h_top0 is absorbed into DSP color_blobs/converter/h_top_reg.
DSP Report: Generating DSP raw_image_output_pixel_addr0, operation Mode is: C'+A2*(B:0x140).
DSP Report: register xvga1/vcount_out_reg is absorbed into DSP raw_image_output_pixel_addr0.
DSP Report: register xvga1/hcount_out_reg is absorbed into DSP raw_image_output_pixel_addr0.
DSP Report: operator raw_image_output_pixel_addr0 is absorbed into DSP raw_image_output_pixel_addr0.
DSP Report: operator raw_image_output_pixel_addr1 is absorbed into DSP raw_image_output_pixel_addr0.
DSP Report: Generating DSP raw_image_output_pixel_addr1, operation Mode is: A2*(B:0x140).
DSP Report: register xvga1/vcount_out_reg is absorbed into DSP raw_image_output_pixel_addr1.
DSP Report: operator raw_image_output_pixel_addr1 is absorbed into DSP raw_image_output_pixel_addr1.
DSP Report: Generating DSP blue_buff_output_pixel_addr0, operation Mode is: PCIN+(A:0x0):B2+(C:0xfffffffffec0).
DSP Report: register xvga1/hcount_out_reg is absorbed into DSP blue_buff_output_pixel_addr0.
DSP Report: operator blue_buff_output_pixel_addr0 is absorbed into DSP blue_buff_output_pixel_addr0.
WARNING: [Synth 8-3917] design top_level has port aud_sd driven by constant 1
WARNING: [Synth 8-3331] design top_level has unconnected port aud_pwm
WARNING: [Synth 8-3331] design top_level has unconnected port btnu
WARNING: [Synth 8-3331] design top_level has unconnected port btnd
WARNING: [Synth 8-3331] design top_level has unconnected port jd[2]
WARNING: [Synth 8-3331] design top_level has unconnected port jd[1]
WARNING: [Synth 8-3331] design top_level has unconnected port jd[0]
INFO: [Synth 8-3886] merging instance 'color_blobs/converter/h_add_reg[0][0]' (FDE) to 'color_blobs/converter/h_add_reg[0][2]'
INFO: [Synth 8-3886] merging instance 'color_blobs/converter/h_add_reg[0][1]' (FDE) to 'color_blobs/converter/h_add_reg[0][3]'
INFO: [Synth 8-3886] merging instance 'color_blobs/converter/h_add_reg[0][2]' (FDE) to 'color_blobs/converter/h_add_reg[0][4]'
INFO: [Synth 8-3886] merging instance 'color_blobs/converter/h_add_reg[0][3]' (FDE) to 'color_blobs/converter/h_add_reg[0][5]'
INFO: [Synth 8-3886] merging instance 'color_blobs/converter/h_add_reg[0][4]' (FDE) to 'color_blobs/converter/h_add_reg[0][6]'
INFO: [Synth 8-3886] merging instance 'color_blobs/converter/h_add_reg[0][5]' (FDE) to 'color_blobs/converter/h_add_reg[0][7]'
INFO: [Synth 8-3886] merging instance 'color_blobs/converter/h_add_reg[1][0]' (FD) to 'color_blobs/converter/h_add_reg[1][4]'
INFO: [Synth 8-3886] merging instance 'color_blobs/converter/h_add_reg[1][1]' (FD) to 'color_blobs/converter/h_add_reg[1][5]'
INFO: [Synth 8-3886] merging instance 'color_blobs/converter/h_add_reg[1][2]' (FD) to 'color_blobs/converter/h_add_reg[1][4]'
INFO: [Synth 8-3886] merging instance 'color_blobs/converter/h_add_reg[1][3]' (FD) to 'color_blobs/converter/h_add_reg[1][5]'
INFO: [Synth 8-3886] merging instance 'color_blobs/converter/h_add_reg[1][4]' (FD) to 'color_blobs/converter/h_add_reg[1][6]'
INFO: [Synth 8-3886] merging instance 'color_blobs/converter/h_add_reg[1][5]' (FD) to 'color_blobs/converter/h_add_reg[1][7]'
INFO: [Synth 8-3886] merging instance 'color_blobs/converter/h_add_reg[2][0]' (FD) to 'color_blobs/converter/h_add_reg[2][4]'
INFO: [Synth 8-3886] merging instance 'color_blobs/converter/h_add_reg[2][1]' (FD) to 'color_blobs/converter/h_add_reg[2][5]'
INFO: [Synth 8-3886] merging instance 'color_blobs/converter/h_add_reg[2][2]' (FD) to 'color_blobs/converter/h_add_reg[2][4]'
INFO: [Synth 8-3886] merging instance 'color_blobs/converter/h_add_reg[2][3]' (FD) to 'color_blobs/converter/h_add_reg[2][5]'
INFO: [Synth 8-3886] merging instance 'color_blobs/converter/h_add_reg[2][4]' (FD) to 'color_blobs/converter/h_add_reg[2][6]'
INFO: [Synth 8-3886] merging instance 'color_blobs/converter/h_add_reg[2][5]' (FD) to 'color_blobs/converter/h_add_reg[2][7]'
INFO: [Synth 8-3886] merging instance 'color_blobs/converter/h_add_reg[3][0]' (FD) to 'color_blobs/converter/h_add_reg[3][4]'
INFO: [Synth 8-3886] merging instance 'color_blobs/converter/h_add_reg[3][1]' (FD) to 'color_blobs/converter/h_add_reg[3][5]'
INFO: [Synth 8-3886] merging instance 'color_blobs/converter/h_add_reg[3][2]' (FD) to 'color_blobs/converter/h_add_reg[3][4]'
INFO: [Synth 8-3886] merging instance 'color_blobs/converter/h_add_reg[3][3]' (FD) to 'color_blobs/converter/h_add_reg[3][5]'
INFO: [Synth 8-3886] merging instance 'color_blobs/converter/h_add_reg[3][4]' (FD) to 'color_blobs/converter/h_add_reg[3][6]'
INFO: [Synth 8-3886] merging instance 'color_blobs/converter/h_add_reg[3][5]' (FD) to 'color_blobs/converter/h_add_reg[3][7]'
INFO: [Synth 8-3886] merging instance 'color_blobs/converter/h_add_reg[4][0]' (FD) to 'color_blobs/converter/h_add_reg[4][4]'
INFO: [Synth 8-3886] merging instance 'color_blobs/converter/h_add_reg[4][1]' (FD) to 'color_blobs/converter/h_add_reg[4][5]'
INFO: [Synth 8-3886] merging instance 'color_blobs/converter/h_add_reg[4][2]' (FD) to 'color_blobs/converter/h_add_reg[4][4]'
INFO: [Synth 8-3886] merging instance 'color_blobs/converter/h_add_reg[4][3]' (FD) to 'color_blobs/converter/h_add_reg[4][5]'
INFO: [Synth 8-3886] merging instance 'color_blobs/converter/h_add_reg[4][4]' (FD) to 'color_blobs/converter/h_add_reg[4][6]'
INFO: [Synth 8-3886] merging instance 'color_blobs/converter/h_add_reg[4][5]' (FD) to 'color_blobs/converter/h_add_reg[4][7]'
INFO: [Synth 8-3886] merging instance 'color_blobs/converter/h_add_reg[5][0]' (FD) to 'color_blobs/converter/h_add_reg[5][4]'
INFO: [Synth 8-3886] merging instance 'color_blobs/converter/h_add_reg[5][1]' (FD) to 'color_blobs/converter/h_add_reg[5][5]'
INFO: [Synth 8-3886] merging instance 'color_blobs/converter/h_add_reg[5][2]' (FD) to 'color_blobs/converter/h_add_reg[5][4]'
INFO: [Synth 8-3886] merging instance 'color_blobs/converter/h_add_reg[5][3]' (FD) to 'color_blobs/converter/h_add_reg[5][5]'
INFO: [Synth 8-3886] merging instance 'color_blobs/converter/h_add_reg[5][4]' (FD) to 'color_blobs/converter/h_add_reg[5][6]'
INFO: [Synth 8-3886] merging instance 'color_blobs/converter/h_add_reg[5][5]' (FD) to 'color_blobs/converter/h_add_reg[5][7]'
INFO: [Synth 8-3886] merging instance 'color_blobs/converter/h_add_reg[6][0]' (FD) to 'color_blobs/converter/h_add_reg[6][4]'
INFO: [Synth 8-3886] merging instance 'color_blobs/converter/h_add_reg[6][1]' (FD) to 'color_blobs/converter/h_add_reg[6][5]'
INFO: [Synth 8-3886] merging instance 'color_blobs/converter/h_add_reg[6][2]' (FD) to 'color_blobs/converter/h_add_reg[6][4]'
INFO: [Synth 8-3886] merging instance 'color_blobs/converter/h_add_reg[6][3]' (FD) to 'color_blobs/converter/h_add_reg[6][5]'
INFO: [Synth 8-3886] merging instance 'color_blobs/converter/h_add_reg[6][4]' (FD) to 'color_blobs/converter/h_add_reg[6][6]'
INFO: [Synth 8-3886] merging instance 'color_blobs/converter/h_add_reg[6][5]' (FD) to 'color_blobs/converter/h_add_reg[6][7]'
INFO: [Synth 8-3886] merging instance 'color_blobs/converter/h_add_reg[7][0]' (FD) to 'color_blobs/converter/h_add_reg[7][4]'
INFO: [Synth 8-3886] merging instance 'color_blobs/converter/h_add_reg[7][1]' (FD) to 'color_blobs/converter/h_add_reg[7][5]'
INFO: [Synth 8-3886] merging instance 'color_blobs/converter/h_add_reg[7][2]' (FD) to 'color_blobs/converter/h_add_reg[7][4]'
INFO: [Synth 8-3886] merging instance 'color_blobs/converter/h_add_reg[7][3]' (FD) to 'color_blobs/converter/h_add_reg[7][5]'
INFO: [Synth 8-3886] merging instance 'color_blobs/converter/h_add_reg[7][4]' (FD) to 'color_blobs/converter/h_add_reg[7][6]'
INFO: [Synth 8-3886] merging instance 'color_blobs/converter/h_add_reg[7][5]' (FD) to 'color_blobs/converter/h_add_reg[7][7]'
INFO: [Synth 8-3886] merging instance 'color_blobs/converter/h_add_reg[8][0]' (FD) to 'color_blobs/converter/h_add_reg[8][4]'
INFO: [Synth 8-3886] merging instance 'color_blobs/converter/h_add_reg[8][1]' (FD) to 'color_blobs/converter/h_add_reg[8][5]'
INFO: [Synth 8-3886] merging instance 'color_blobs/converter/h_add_reg[8][2]' (FD) to 'color_blobs/converter/h_add_reg[8][4]'
INFO: [Synth 8-3886] merging instance 'color_blobs/converter/h_add_reg[8][3]' (FD) to 'color_blobs/converter/h_add_reg[8][5]'
INFO: [Synth 8-3886] merging instance 'color_blobs/converter/h_add_reg[8][4]' (FD) to 'color_blobs/converter/h_add_reg[8][6]'
INFO: [Synth 8-3886] merging instance 'color_blobs/converter/h_add_reg[8][5]' (FD) to 'color_blobs/converter/h_add_reg[8][7]'
INFO: [Synth 8-3886] merging instance 'color_blobs/converter/h_add_reg[9][0]' (FD) to 'color_blobs/converter/h_add_reg[9][4]'
INFO: [Synth 8-3886] merging instance 'color_blobs/converter/h_add_reg[9][1]' (FD) to 'color_blobs/converter/h_add_reg[9][5]'
INFO: [Synth 8-3886] merging instance 'color_blobs/converter/h_add_reg[9][2]' (FD) to 'color_blobs/converter/h_add_reg[9][4]'
INFO: [Synth 8-3886] merging instance 'color_blobs/converter/h_add_reg[9][3]' (FD) to 'color_blobs/converter/h_add_reg[9][5]'
INFO: [Synth 8-3886] merging instance 'color_blobs/converter/h_add_reg[9][4]' (FD) to 'color_blobs/converter/h_add_reg[9][6]'
INFO: [Synth 8-3886] merging instance 'color_blobs/converter/h_add_reg[9][5]' (FD) to 'color_blobs/converter/h_add_reg[9][7]'
INFO: [Synth 8-3886] merging instance 'color_blobs/converter/h_add_reg[10][0]' (FD) to 'color_blobs/converter/h_add_reg[10][4]'
INFO: [Synth 8-3886] merging instance 'color_blobs/converter/h_add_reg[10][1]' (FD) to 'color_blobs/converter/h_add_reg[10][5]'
INFO: [Synth 8-3886] merging instance 'color_blobs/converter/h_add_reg[10][2]' (FD) to 'color_blobs/converter/h_add_reg[10][4]'
INFO: [Synth 8-3886] merging instance 'color_blobs/converter/h_add_reg[10][3]' (FD) to 'color_blobs/converter/h_add_reg[10][5]'
INFO: [Synth 8-3886] merging instance 'color_blobs/converter/h_add_reg[10][4]' (FD) to 'color_blobs/converter/h_add_reg[10][6]'
INFO: [Synth 8-3886] merging instance 'color_blobs/converter/h_add_reg[10][5]' (FD) to 'color_blobs/converter/h_add_reg[10][7]'
INFO: [Synth 8-3886] merging instance 'color_blobs/converter/h_add_reg[11][0]' (FD) to 'color_blobs/converter/h_add_reg[11][4]'
INFO: [Synth 8-3886] merging instance 'color_blobs/converter/h_add_reg[11][1]' (FD) to 'color_blobs/converter/h_add_reg[11][5]'
INFO: [Synth 8-3886] merging instance 'color_blobs/converter/h_add_reg[11][2]' (FD) to 'color_blobs/converter/h_add_reg[11][4]'
INFO: [Synth 8-3886] merging instance 'color_blobs/converter/h_add_reg[11][3]' (FD) to 'color_blobs/converter/h_add_reg[11][5]'
INFO: [Synth 8-3886] merging instance 'color_blobs/converter/h_add_reg[11][4]' (FD) to 'color_blobs/converter/h_add_reg[11][6]'
INFO: [Synth 8-3886] merging instance 'color_blobs/converter/h_add_reg[11][5]' (FD) to 'color_blobs/converter/h_add_reg[11][7]'
INFO: [Synth 8-3886] merging instance 'color_blobs/converter/h_add_reg[12][0]' (FD) to 'color_blobs/converter/h_add_reg[12][4]'
INFO: [Synth 8-3886] merging instance 'color_blobs/converter/h_add_reg[12][1]' (FD) to 'color_blobs/converter/h_add_reg[12][5]'
INFO: [Synth 8-3886] merging instance 'color_blobs/converter/h_add_reg[12][2]' (FD) to 'color_blobs/converter/h_add_reg[12][4]'
INFO: [Synth 8-3886] merging instance 'color_blobs/converter/h_add_reg[12][3]' (FD) to 'color_blobs/converter/h_add_reg[12][5]'
INFO: [Synth 8-3886] merging instance 'color_blobs/converter/h_add_reg[12][4]' (FD) to 'color_blobs/converter/h_add_reg[12][6]'
INFO: [Synth 8-3886] merging instance 'color_blobs/converter/h_add_reg[12][5]' (FD) to 'color_blobs/converter/h_add_reg[12][7]'
INFO: [Synth 8-3886] merging instance 'color_blobs/converter/h_add_reg[13][0]' (FD) to 'color_blobs/converter/h_add_reg[13][4]'
INFO: [Synth 8-3886] merging instance 'color_blobs/converter/h_add_reg[13][1]' (FD) to 'color_blobs/converter/h_add_reg[13][5]'
INFO: [Synth 8-3886] merging instance 'color_blobs/converter/h_add_reg[13][2]' (FD) to 'color_blobs/converter/h_add_reg[13][4]'
INFO: [Synth 8-3886] merging instance 'color_blobs/converter/h_add_reg[13][3]' (FD) to 'color_blobs/converter/h_add_reg[13][5]'
INFO: [Synth 8-3886] merging instance 'color_blobs/converter/h_add_reg[13][4]' (FD) to 'color_blobs/converter/h_add_reg[13][6]'
INFO: [Synth 8-3886] merging instance 'color_blobs/converter/h_add_reg[13][5]' (FD) to 'color_blobs/converter/h_add_reg[13][7]'
INFO: [Synth 8-3886] merging instance 'color_blobs/converter/h_add_reg[14][0]' (FD) to 'color_blobs/converter/h_add_reg[14][4]'
INFO: [Synth 8-3886] merging instance 'color_blobs/converter/h_add_reg[14][1]' (FD) to 'color_blobs/converter/h_add_reg[14][5]'
INFO: [Synth 8-3886] merging instance 'color_blobs/converter/h_add_reg[14][2]' (FD) to 'color_blobs/converter/h_add_reg[14][4]'
INFO: [Synth 8-3886] merging instance 'color_blobs/converter/h_add_reg[14][3]' (FD) to 'color_blobs/converter/h_add_reg[14][5]'
INFO: [Synth 8-3886] merging instance 'color_blobs/converter/h_add_reg[14][4]' (FD) to 'color_blobs/converter/h_add_reg[14][6]'
INFO: [Synth 8-3886] merging instance 'color_blobs/converter/h_add_reg[14][5]' (FD) to 'color_blobs/converter/h_add_reg[14][7]'
INFO: [Synth 8-3886] merging instance 'color_blobs/converter/my_r_reg[0]' (FD) to 'color_blobs/converter/my_r_reg[2]'
INFO: [Synth 8-3886] merging instance 'color_blobs/converter/my_g_reg[0]' (FD) to 'color_blobs/converter/my_r_reg[2]'
INFO: [Synth 8-3886] merging instance 'color_blobs/converter/my_b_reg[0]' (FD) to 'color_blobs/converter/my_r_reg[2]'
INFO: [Synth 8-3886] merging instance 'color_blobs/converter/my_r_reg[1]' (FD) to 'color_blobs/converter/my_r_reg[2]'
INFO: [Synth 8-3886] merging instance 'color_blobs/converter/my_g_reg[1]' (FD) to 'color_blobs/converter/my_r_reg[2]'
INFO: [Synth 8-3886] merging instance 'color_blobs/converter/my_b_reg[1]' (FD) to 'color_blobs/converter/my_r_reg[2]'
INFO: [Synth 8-3886] merging instance 'color_blobs/converter/my_g_reg[4]' (FD) to 'color_blobs/raw_image_pixels_reg[4]'
INFO: [Synth 8-3886] merging instance 'color_blobs/converter/my_g_reg[5]' (FD) to 'color_blobs/raw_image_pixels_reg[5]'
INFO: [Synth 8-3886] merging instance 'color_blobs/converter/my_g_reg[6]' (FD) to 'color_blobs/raw_image_pixels_reg[6]'
INFO: [Synth 8-3886] merging instance 'color_blobs/converter/my_g_reg[7]' (FD) to 'color_blobs/raw_image_pixels_reg[7]'
INFO: [Common 17-14] Message 'Synth 8-3886' appears 100 times and further instances of the messages will be disabled. Use the Tcl command set_msg_config to change the current settings.
INFO: [Synth 8-3333] propagating constant 0 across sequential element (\color_blobs/converter/my_b_reg[2] )
INFO: [Synth 8-3333] propagating constant 0 across sequential element (\color_blobs/converter/s_bottom_reg[15] )
INFO: [Synth 8-3333] propagating constant 0 across sequential element (\color_blobs/converter/h_bottom_reg[15] )
INFO: [Synth 8-3333] propagating constant 0 across sequential element (\color_blobs/converter/min_reg[1] )
INFO: [Synth 8-3333] propagating constant 0 across sequential element (\color_blobs/converter/min_reg[1] )
INFO: [Synth 8-3333] propagating constant 0 across sequential element (\color_blobs/converter/v_delay_reg[1][0] )
INFO: [Synth 8-3333] propagating constant 0 across sequential element (\color_blobs/converter/v_delay_reg[1][0] )
INFO: [Synth 8-3333] propagating constant 0 across sequential element (\color_blobs/converter/v_delay_reg[1][0] )
INFO: [Synth 8-3333] propagating constant 0 across sequential element (\color_blobs/converter/v_delay_reg[1][0] )
INFO: [Synth 8-3333] propagating constant 0 across sequential element (\color_blobs/converter/v_delay_reg[1][0] )
INFO: [Synth 8-3333] propagating constant 0 across sequential element (\color_blobs/converter/v_delay_reg[1][0] )
INFO: [Synth 8-3333] propagating constant 0 across sequential element (\color_blobs/converter/v_delay_reg[1][0] )
INFO: [Synth 8-3333] propagating constant 0 across sequential element (\color_blobs/converter/v_delay_reg[1][0] )
INFO: [Synth 8-3333] propagating constant 0 across sequential element (\color_blobs/converter/v_delay_reg[1][0] )
INFO: [Synth 8-3333] propagating constant 0 across sequential element (\color_blobs/converter/v_delay_reg[1][0] )
INFO: [Synth 8-3333] propagating constant 0 across sequential element (\color_blobs/converter/v_delay_reg[1][0] )
INFO: [Synth 8-3333] propagating constant 0 across sequential element (\color_blobs/converter/v_delay_reg[1][0] )
INFO: [Synth 8-3333] propagating constant 0 across sequential element (\color_blobs/converter/v_delay_reg[1][0] )
INFO: [Synth 8-3333] propagating constant 0 across sequential element (\color_blobs/converter/v_delay_reg[1][0] )
INFO: [Synth 8-3333] propagating constant 0 across sequential element (\color_blobs/converter/v_delay_reg[1][0] )
INFO: [Synth 8-3333] propagating constant 0 across sequential element (\color_blobs/converter/v_delay_reg[1][0] )
INFO: [Synth 8-3333] propagating constant 0 across sequential element (\color_blobs/converter/v_delay_reg[1][0] )
INFO: [Synth 8-3333] propagating constant 0 across sequential element (\color_blobs/converter/v_delay_reg[1][0] )
INFO: [Synth 8-3333] propagating constant 0 across sequential element (\color_blobs/converter/v_delay_reg[1][0] )
INFO: [Synth 8-3333] propagating constant 0 across sequential element (\color_blobs/converter/v_delay_reg[1][0] )
INFO: [Synth 8-3333] propagating constant 0 across sequential element (\color_blobs/converter/delta_reg[0] )
INFO: [Synth 8-3333] propagating constant 0 across sequential element (\color_blobs/converter/delta_reg[0] )
---------------------------------------------------------------------------------
Finished Cross Boundary and Area Optimization : Time (s): cpu = 00:00:20 ; elapsed = 00:00:21 . Memory (MB): peak = 1011.145 ; gain = 423.738
---------------------------------------------------------------------------------
---------------------------------------------------------------------------------
Start ROM, RAM, DSP and Shift Register Reporting
---------------------------------------------------------------------------------

DSP: Preliminary Mapping	Report (see note below)
+------------+------------------------------------+--------+--------+--------+--------+--------+------+------+------+------+-------+------+------+
|Module Name | DSP Mapping                        | A Size | B Size | C Size | D Size | P Size | AREG | BREG | CREG | DREG | ADREG | MREG | PREG | 
+------------+------------------------------------+--------+--------+--------+--------+--------+------+------+------+------+-------+------+------+
|rgb2hsv     | (A*(B:0xff))'                      | 16     | 8      | -      | -      | 16     | 0    | 0    | -    | -    | -     | 1    | 0    | 
|top_level   | C'+A2*(B:0x140)                    | 10     | 9      | 11     | -      | 17     | 1    | 0    | 1    | -    | -     | 0    | 0    | 
|top_level   | A2*(B:0x140)                       | 10     | 9      | -      | -      | 19     | 1    | 0    | -    | -    | -     | 0    | 0    | 
|top_level   | PCIN+(A:0x0):B2+(C:0xfffffffffec0) | 30     | 11     | 10     | -      | -1     | 0    | 1    | 0    | -    | -     | 0    | 0    | 
+------------+------------------------------------+--------+--------+--------+--------+--------+------+------+------+------+-------+------+------+

Note: The table above is a preliminary report that shows the DSPs inferred at the current stage of the synthesis flow. Some DSP may be reimplemented as non DSP primitives later in the synthesis flow. Multiple instantiated DSPs are reported only once.
---------------------------------------------------------------------------------
Finished ROM, RAM, DSP and Shift Register Reporting
---------------------------------------------------------------------------------

Report RTL Partitions: 
+-+--------------+------------+----------+
| |RTL Partition |Replication |Instances |
+-+--------------+------------+----------+
+-+--------------+------------+----------+
---------------------------------------------------------------------------------
Start Applying XDC Timing Constraints
---------------------------------------------------------------------------------
---------------------------------------------------------------------------------
Finished Applying XDC Timing Constraints : Time (s): cpu = 00:00:33 ; elapsed = 00:00:33 . Memory (MB): peak = 1038.711 ; gain = 451.305
---------------------------------------------------------------------------------
---------------------------------------------------------------------------------
Start Timing Optimization
---------------------------------------------------------------------------------
---------------------------------------------------------------------------------
Finished Timing Optimization : Time (s): cpu = 00:00:34 ; elapsed = 00:00:35 . Memory (MB): peak = 1066.043 ; gain = 478.637
---------------------------------------------------------------------------------

Report RTL Partitions: 
+-+--------------+------------+----------+
| |RTL Partition |Replication |Instances |
+-+--------------+------------+----------+
+-+--------------+------------+----------+
---------------------------------------------------------------------------------
Start Technology Mapping
---------------------------------------------------------------------------------
---------------------------------------------------------------------------------
Finished Technology Mapping : Time (s): cpu = 00:00:35 ; elapsed = 00:00:36 . Memory (MB): peak = 1073.102 ; gain = 485.695
---------------------------------------------------------------------------------

Report RTL Partitions: 
+-+--------------+------------+----------+
| |RTL Partition |Replication |Instances |
+-+--------------+------------+----------+
+-+--------------+------------+----------+
---------------------------------------------------------------------------------
Start IO Insertion
---------------------------------------------------------------------------------
---------------------------------------------------------------------------------
Start Flattening Before IO Insertion
---------------------------------------------------------------------------------
---------------------------------------------------------------------------------
Finished Flattening Before IO Insertion
---------------------------------------------------------------------------------
---------------------------------------------------------------------------------
Start Final Netlist Cleanup
---------------------------------------------------------------------------------
---------------------------------------------------------------------------------
Finished Final Netlist Cleanup
---------------------------------------------------------------------------------
---------------------------------------------------------------------------------
Finished IO Insertion : Time (s): cpu = 00:00:40 ; elapsed = 00:00:41 . Memory (MB): peak = 1081.063 ; gain = 493.656
---------------------------------------------------------------------------------
---------------------------------------------------------------------------------
Start Renaming Generated Instances
---------------------------------------------------------------------------------
---------------------------------------------------------------------------------
Finished Renaming Generated Instances : Time (s): cpu = 00:00:40 ; elapsed = 00:00:41 . Memory (MB): peak = 1081.063 ; gain = 493.656
---------------------------------------------------------------------------------

Report RTL Partitions: 
+-+--------------+------------+----------+
| |RTL Partition |Replication |Instances |
+-+--------------+------------+----------+
+-+--------------+------------+----------+

Report Check Netlist: 
+------+------------------+-------+---------+-------+------------------+
|      |Item              |Errors |Warnings |Status |Description       |
+------+------------------+-------+---------+-------+------------------+
|1     |multi_driven_nets |      0|        0|Passed |Multi driven nets |
+------+------------------+-------+---------+-------+------------------+
---------------------------------------------------------------------------------
Start Rebuilding User Hierarchy
---------------------------------------------------------------------------------
---------------------------------------------------------------------------------
Finished Rebuilding User Hierarchy : Time (s): cpu = 00:00:40 ; elapsed = 00:00:41 . Memory (MB): peak = 1081.063 ; gain = 493.656
---------------------------------------------------------------------------------
---------------------------------------------------------------------------------
Start Renaming Generated Ports
---------------------------------------------------------------------------------
---------------------------------------------------------------------------------
Finished Renaming Generated Ports : Time (s): cpu = 00:00:40 ; elapsed = 00:00:41 . Memory (MB): peak = 1081.063 ; gain = 493.656
---------------------------------------------------------------------------------
---------------------------------------------------------------------------------
Start Handling Custom Attributes
---------------------------------------------------------------------------------
---------------------------------------------------------------------------------
Finished Handling Custom Attributes : Time (s): cpu = 00:00:40 ; elapsed = 00:00:41 . Memory (MB): peak = 1081.063 ; gain = 493.656
---------------------------------------------------------------------------------
---------------------------------------------------------------------------------
Start Renaming Generated Nets
---------------------------------------------------------------------------------
---------------------------------------------------------------------------------
Finished Renaming Generated Nets : Time (s): cpu = 00:00:40 ; elapsed = 00:00:41 . Memory (MB): peak = 1081.063 ; gain = 493.656
---------------------------------------------------------------------------------
---------------------------------------------------------------------------------
Start ROM, RAM, DSP and Shift Register Reporting
---------------------------------------------------------------------------------

Static Shift Register Report:
+------------+------------------------------------------+--------+-------+--------------+--------------------+-------------------+--------+---------+
|Module Name | RTL Name                                 | Length | Width | Reset Signal | Pull out first Reg | Pull out last Reg | SRL16E | SRLC32E | 
+------------+------------------------------------------+--------+-------+--------------+--------------------+-------------------+--------+---------+
|top_level   | color_blobs/converter/h_add_reg[18][7]   | 18     | 2     | NO           | NO                 | YES               | 0      | 2       | 
|top_level   | color_blobs/converter/h_negative_reg[18] | 18     | 1     | NO           | NO                 | YES               | 0      | 1       | 
|top_level   | color_blobs/converter/v_reg[7]           | 20     | 6     | NO           | NO                 | YES               | 0      | 6       | 
+------------+------------------------------------------+--------+-------+--------------+--------------------+-------------------+--------+---------+

---------------------------------------------------------------------------------
Finished ROM, RAM, DSP and Shift Register Reporting
---------------------------------------------------------------------------------
---------------------------------------------------------------------------------
Start Writing Synthesis Report
---------------------------------------------------------------------------------

Report BlackBoxes: 
+------+---------------+----------+
|      |BlackBox name  |Instances |
+------+---------------+----------+
|1     |clk_wiz_0      |         1|
|2     |image_bram     |         1|
|3     |red_mask_bram  |         1|
|4     |blue_mask_bram |         1|
|5     |blk_mem_gen_0  |         2|
|6     |div_gen_0      |         2|
+------+---------------+----------+

Report Cell Usage: 
+------+-----------------+------+
|      |Cell             |Count |
+------+-----------------+------+
|1     |blk_mem_gen_0    |     1|
|2     |blk_mem_gen_0__2 |     1|
|3     |blue_mask_bram   |     1|
|4     |clk_wiz_0        |     1|
|5     |div_gen_0        |     1|
|6     |div_gen_0__2     |     1|
|7     |image_bram       |     1|
|8     |red_mask_bram    |     1|
|9     |BUFG             |     1|
|10    |CARRY4           |    51|
|11    |DSP48E1_1        |     2|
|12    |DSP48E1_2        |     1|
|13    |DSP48E1_3        |     1|
|14    |LUT1             |    19|
|15    |LUT2             |    66|
|16    |LUT3             |    81|
|17    |LUT4             |    97|
|18    |LUT5             |    78|
|19    |LUT6             |    98|
|20    |SRLC32E          |     9|
|21    |FDRE             |   375|
|22    |FDSE             |     3|
|23    |LD               |    51|
|24    |IBUF             |    30|
|25    |OBUF             |    39|
|26    |OBUFT            |     1|
+------+-----------------+------+

Report Instance Areas: 
+------+--------------+-------------------------+------+
|      |Instance      |Module                   |Cells |
+------+--------------+-------------------------+------+
|1     |top           |                         |  1118|
|2     |  color_blobs |camera_to_mask           |   890|
|3     |    blue_cf   |center_finder            |   130|
|4     |    converter |rgb2hsv                  |   470|
|5     |    my_camera |camera_read              |   105|
|6     |    red_cf    |center_finder__xdcDup__1 |   130|
|7     |  xvga1       |xvga                     |   102|
+------+--------------+-------------------------+------+
---------------------------------------------------------------------------------
Finished Writing Synthesis Report : Time (s): cpu = 00:00:40 ; elapsed = 00:00:41 . Memory (MB): peak = 1081.063 ; gain = 493.656
---------------------------------------------------------------------------------
Synthesis finished with 0 errors, 0 critical warnings and 10 warnings.
Synthesis Optimization Runtime : Time (s): cpu = 00:00:31 ; elapsed = 00:00:39 . Memory (MB): peak = 1081.063 ; gain = 380.797
Synthesis Optimization Complete : Time (s): cpu = 00:00:40 ; elapsed = 00:00:41 . Memory (MB): peak = 1081.063 ; gain = 493.656
INFO: [Project 1-571] Translating synthesized netlist
Netlist sorting complete. Time (s): cpu = 00:00:00 ; elapsed = 00:00:00.031 . Memory (MB): peak = 1081.063 ; gain = 0.000
INFO: [Netlist 29-17] Analyzing 106 Unisim elements for replacement
INFO: [Netlist 29-28] Unisim Transformation completed in 0 CPU seconds
INFO: [Project 1-570] Preparing netlist for logic optimization
INFO: [Opt 31-138] Pushed 0 inverter(s) to 0 load pin(s).
Netlist sorting complete. Time (s): cpu = 00:00:00 ; elapsed = 00:00:00.001 . Memory (MB): peak = 1081.063 ; gain = 0.000
INFO: [Project 1-111] Unisim Transformation Summary:
  A total of 51 instances were transformed.
  LD => LDCE: 51 instances

INFO: [Common 17-83] Releasing license: Synthesis
187 Infos, 85 Warnings, 0 Critical Warnings and 0 Errors encountered.
synth_design completed successfully
synth_design: Time (s): cpu = 00:00:46 ; elapsed = 00:00:48 . Memory (MB): peak = 1081.063 ; gain = 782.090
INFO: [Common 17-600] The following parameters have non-default value.
tcl.collectionResultDisplayLimit
Netlist sorting complete. Time (s): cpu = 00:00:00 ; elapsed = 00:00:00.001 . Memory (MB): peak = 1081.063 ; gain = 0.000
WARNING: [Constraints 18-5210] No constraints selected for write.
Resolution: This message can indicate that there are no constraints for the design, or it can indicate that the used_in flags are set such that the constraints are ignored. This later case is used when running synth_design to not write synthesis constraints to the resulting checkpoint. Instead, project constraints are read when the synthesized design is opened.
INFO: [Common 17-1381] The checkpoint 'C:/Users/Praj/Documents/2020 Fall/6.111/SpaceSynth_All/SpaceSynth_All.runs/synth_1/top_level.dcp' has been generated.
INFO: [runtcl-4] Executing : report_utilization -file top_level_utilization_synth.rpt -pb top_level_utilization_synth.pb
INFO: [Common 17-206] Exiting Vivado at Fri Nov 27 22:39:08 2020...
